<?xml version="1.0" encoding="UTF-8"?>
<!-- Generated by org.testng.reporters.JUnitXMLReporter -->
<testsuite ignored="2" hostname="DESKTOP-55C00D3" failures="0" tests="2" name="Test" time="0.037" errors="0" timestamp="2022-09-29T07:41:57 IST">
  <testcase classname="com.cg.maven.testing.SeleniumTest" name="dashboard" time="0.005"/>
  <testcase classname="com.cg.maven.testing.Appium" name="dashboard" time="0.0"/>
  <testcase classname="com.cg.maven.testing.SeleniumTest" name="login" time="0.0">
    <ignored/>
  </testcase> <!-- login -->
  <testcase classname="com.cg.maven.testing.Appium" name="loigin" time="0.0">
    <ignored/>
  </testcase> <!-- loigin -->
</testsuite> <!-- Test -->
