<?xml version="1.0" encoding="UTF-8"?>
<testng-results ignored="2" total="4" passed="2" failed="0" skipped="0">
  <reporter-output>
  </reporter-output>
  <suite started-at="2022-09-29T07:41:57 IST" name="Suite" finished-at="2022-09-29T07:41:57 IST" duration-ms="37">
    <groups>
    </groups>
    <test started-at="2022-09-29T07:41:57 IST" name="Test" finished-at="2022-09-29T07:41:57 IST" duration-ms="37">
      <class name="com.cg.maven.testing.SeleniumTest">
        <test-method signature="dashboard()[pri:0, instance:com.cg.maven.testing.SeleniumTest@161479c6]" started-at="2022-09-29T07:41:57 IST" name="dashboard" finished-at="2022-09-29T07:41:57 IST" duration-ms="5" status="PASS">
          <reporter-output>
          </reporter-output>
        </test-method> <!-- dashboard -->
      </class> <!-- com.cg.maven.testing.SeleniumTest -->
      <class name="com.cg.maven.testing.Appium">
        <test-method signature="dashboard()[pri:0, instance:com.cg.maven.testing.Appium@7c0c77c7]" started-at="2022-09-29T07:41:57 IST" name="dashboard" finished-at="2022-09-29T07:41:57 IST" duration-ms="0" status="PASS">
          <reporter-output>
          </reporter-output>
        </test-method> <!-- dashboard -->
      </class> <!-- com.cg.maven.testing.Appium -->
    </test> <!-- Test -->
  </suite> <!-- Suite -->
</testng-results>
